!!! 2017-10-30 17:11:29  Started by kmeis@student00 on Mon Oct 30 17:11:29 2017

!!! 2017-10-30 17:11:29  Doing step 10:  Building AMOS bank
!!! 2017-10-30 17:11:29  Running: /afs/nd.edu/user25/kmeis/amos-3.1.0/bin/bank-transact -c -z -b influenza-A.bnk -m influenza-A.afg
START DATE: Mon Oct 30 17:11:29 2017
Bank is: influenza-A.bnk
    0%                                            100%
AFG ..................................................
Messages read: 310
Objects added: 310
Objects deleted: 0
Objects replaced: 0
END DATE:   Mon Oct 30 17:11:29 2017
!!! 2017-10-30 17:11:29  Done! Elapsed time:0d 0h 0m 0s

!!! 2017-10-30 17:11:29  Doing step 20:  Running overlap
!!! 2017-10-30 17:11:29  Running: /afs/nd.edu/user25/kmeis/amos-3.1.0/bin/hash-overlap -B influenza-A.bnk
Starting on Mon Oct 30 17:11:29 2017

Read bank is influenza-A.bnk
Alignment error rate is 0.06
Minimum overlap bases is 40
!!! 2017-10-30 17:11:29  Done! Elapsed time:0d 0h 0m 0s

!!! 2017-10-30 17:11:29  Doing step 30:  Running contigger
!!! 2017-10-30 17:11:29  Running: /afs/nd.edu/user25/kmeis/amos-3.1.0/bin/tigger -b influenza-A.bnk
 Pulling reads from bank influenza-A.bnk
Pulled 151 reads from bank 
 Pulling overlaps from bank influenza-A.bnk
Pulled 703 overlaps from bank 
 total contained reads hidden 87
 number of contigs 9
this pass containment size is 87
70 containment reads added back on this pass 
 sub-total contained reads unhidden 70
this pass containment size is 17
15 containment reads added back on this pass 
 sub-total contained reads unhidden 85
this pass containment size is 2
2 containment reads added back on this pass 
 sub-total contained reads unhidden 87
 total contained reads unhidden 87
 Writing layouts to bank influenza-A.bnk
!!! 2017-10-30 17:11:29  Done! Elapsed time:0d 0h 0m 0s

!!! 2017-10-30 17:11:29  Doing step 40:  Running consensus
!!! 2017-10-30 17:11:29  Running: /afs/nd.edu/user25/kmeis/amos-3.1.0/bin/make-consensus -B -b influenza-A.bnk
Starting on Mon Oct 30 17:11:29 2017

Read bank is influenza-A.bnk
Alignment error rate is 0.06
Minimum overlap bases is 5
Output will be written to the bank
Input is being read from the bank 
Processed 8 layouts
!!! 2017-10-30 17:11:29  Done! Elapsed time:0d 0h 0m 0s

!!! 2017-10-30 17:11:29  Doing step 50:  Outputting contigs
!!! 2017-10-30 17:11:29  Running: /afs/nd.edu/user25/kmeis/amos-3.1.0/bin/bank2contig influenza-A.bnk > influenza-A.contig
Processing influenza-A.bnk at Mon Oct 30 17:11:29 2017
End: Mon Oct 30 17:11:29 2017
!!! 2017-10-30 17:11:29  Done! Elapsed time:0d 0h 0m 0s

!!! 2017-10-30 17:11:29  Doing step 60:  Converting to FastA file
!!! 2017-10-30 17:11:29  Running: /afs/nd.edu/user25/kmeis/amos-3.1.0/bin/bank2fasta -b influenza-A.bnk > influenza-A.fasta
!!! 2017-10-30 17:11:29  Done! Elapsed time:0d 0h 0m 0s

!!! END - Elapsed time: 0d 0h 0m 0s

